#
# There is insufficient memory for the Java Runtime Environment to continue.
# Native memory allocation (malloc) failed to allocate 1224272 bytes. Error detail: Chunk::new
# Possible reasons:
#   The system is out of physical RAM or swap space
#   This process is running with CompressedOops enabled, and the Java Heap may be blocking the growth of the native heap
# Possible solutions:
#   Reduce memory load on the system
#   Increase physical memory or swap space
#   Check if swap backing store is full
#   Decrease Java heap size (-Xmx/-Xms)
#   Decrease number of Java threads
#   Decrease Java thread stack sizes (-Xss)
#   Set larger code cache with -XX:ReservedCodeCacheSize=
#   JVM is running with Unscaled Compressed Oops mode in which the Java heap is
#     placed in the first 4GB address space. The Java Heap base address is the
#     maximum limit for the native heap growth. Please use -XX:HeapBaseMinAddress
#     to set the Java Heap base and to place the Java Heap above 4GB virtual address.
# This output file may be truncated or incomplete.
#
#  Out of Memory Error (arena.cpp:191), pid=1652, tid=12972
#
# JRE version: OpenJDK Runtime Environment Temurin-17.0.12+7 (17.0.12+7) (build 17.0.12+7)
# Java VM: OpenJDK 64-Bit Server VM Temurin-17.0.12+7 (17.0.12+7, mixed mode, tiered, compressed oops, compressed class ptrs, parallel gc, windows-amd64)
# No core dump will be written. Minidumps are not enabled by default on client versions of Windows
#

---------------  S U M M A R Y ------------

Command Line: --add-modules=ALL-SYSTEM --add-opens=java.base/java.util=ALL-UNNAMED --add-opens=java.base/java.lang=ALL-UNNAMED --add-opens=java.base/sun.nio.fs=ALL-UNNAMED -Declipse.application=org.eclipse.jdt.ls.core.id1 -Dosgi.bundles.defaultStartLevel=4 -Declipse.product=org.eclipse.jdt.ls.core.product -Djava.import.generatesMetadataFilesAtProjectRoot=false -DDetectVMInstallationsJob.disabled=true -Dfile.encoding=utf8 -XX:+UseParallelGC -XX:GCTimeRatio=4 -XX:AdaptiveSizePolicyWeight=90 -Dsun.zip.disableMemoryMapping=true -Xmx1G -Xms100m -Xlog:disable -javaagent:c:\Users\marco\.vscode\extensions\redhat.java-1.34.0-win32-x64\lombok\lombok-1.18.33.jar -XX:+HeapDumpOnOutOfMemoryError -XX:HeapDumpPath=c:\Users\marco\AppData\Roaming\Code\User\workspaceStorage\5c36334aae0fd3ce9e9ed4ac0ce4b453\redhat.java -Daether.dependencyCollector.impl=bf c:\Users\marco\.vscode\extensions\redhat.java-1.34.0-win32-x64\server\plugins\org.eclipse.equinox.launcher_1.6.900.v20240613-2009.jar -configuration c:\Users\marco\AppData\Roaming\Code\User\globalStorage\redhat.java\1.34.0\config_win -data c:\Users\marco\AppData\Roaming\Code\User\workspaceStorage\5c36334aae0fd3ce9e9ed4ac0ce4b453\redhat.java\jdt_ws --pipe=\\.\pipe\lsp-b222d69457ad299d5ca1daa9a8aec9c8-sock

Host: AMD Ryzen 7 5700U with Radeon Graphics         , 16 cores, 9G,  Windows 11 , 64 bit Build 22621 (10.0.22621.3958)
Time: Wed Sep  4 21:05:30 2024 Argentina Standard Time elapsed time: 53.719761 seconds (0d 0h 0m 53s)

---------------  T H R E A D  ---------------

Current thread (0x000001cd1c143610):  JavaThread "C2 CompilerThread4" daemon [_thread_in_native, id=12972, stack(0x000000917bd00000,0x000000917be00000)]


Current CompileTask:
C2:  53719 14674 %s!   4       org.eclipse.jdt.internal.core.index.DiskIndex::readCategoryTable @ 260 (743 bytes)

Stack: [0x000000917bd00000,0x000000917be00000]
Native frames: (J=compiled Java code, j=interpreted, Vv=VM code, C=native code)
V  [jvm.dll+0x67f929]
V  [jvm.dll+0x8371ba]
V  [jvm.dll+0x838c7e]
V  [jvm.dll+0x8392e3]
V  [jvm.dll+0x24834f]
V  [jvm.dll+0xac9d4]
V  [jvm.dll+0xad01c]
V  [jvm.dll+0x3674a7]
V  [jvm.dll+0x1bd562]
V  [jvm.dll+0x21aa09]
V  [jvm.dll+0x219cf1]
V  [jvm.dll+0x1a58bd]
V  [jvm.dll+0x229a2d]
V  [jvm.dll+0x227bdc]
V  [jvm.dll+0x7ec1f7]
V  [jvm.dll+0x7e65dc]
V  [jvm.dll+0x67e7f7]
C  [ucrtbase.dll+0x29333]
C  [KERNEL32.DLL+0x1257d]
C  [ntdll.dll+0x5af28]


---------------  P R O C E S S  ---------------

Threads class SMR info:
_java_thread_list=0x000001cd1e56d5e0, length=71, elements={
0x000001cd7bf2c960, 0x000001cd7edbead0, 0x000001cd150dd170, 0x000001cd15108f60,
0x000001cd15109de0, 0x000001cd1510ac60, 0x000001cd1510c790, 0x000001cd151138e0,
0x000001cd15116740, 0x000001cd15122600, 0x000001cd15264ee0, 0x000001cd170646e0,
0x000001cd177f8000, 0x000001cd17a26710, 0x000001cd17fef880, 0x000001cd17913ab0,
0x000001cd182632a0, 0x000001cd177e1b90, 0x000001cd177e0c60, 0x000001cd177e1170,
0x000001cd177e1680, 0x000001cd177dfd30, 0x000001cd177e2ac0, 0x000001cd177e2fd0,
0x000001cd177e34e0, 0x000001cd177e0240, 0x000001cd177e0750, 0x000001cd1c50d8f0,
0x000001cd1c50d3e0, 0x000001cd1c509c30, 0x000001cd1c50ced0, 0x000001cd1c50e310,
0x000001cd1c50ab60, 0x000001cd1c510680, 0x000001cd1c50a650, 0x000001cd1c50a140,
0x000001cd1c50de00, 0x000001cd1c50ba90, 0x000001cd1c50e820, 0x000001cd1c50c4b0,
0x000001cd1c50b070, 0x000001cd1c50bfa0, 0x000001cd1c50c9c0, 0x000001cd1c50ed30,
0x000001cd1c509720, 0x000001cd1c50f750, 0x000001cd1c510b90, 0x000001cd1a5aa1b0,
0x000001cd1a5ac520, 0x000001cd1a5a9790, 0x000001cd1a5ae380, 0x000001cd1a5ade70,
0x000001cd1a5aa6c0, 0x000001cd1a5ad960, 0x000001cd1a5ae890, 0x000001cd1a5abb00,
0x000001cd1a5a9280, 0x000001cd1a5acf40, 0x000001cd1a5ab0e0, 0x000001cd1c50fc60,
0x000001cd1c510170, 0x000001cd1c140b90, 0x000001cd202d53c0, 0x000001cd202d3050,
0x000001cd1c145b40, 0x000001cd1c1465e0, 0x000001cd1c141630, 0x000001cd1c142b70,
0x000001cd1c143610, 0x000001cd1c143b60, 0x000001cd1c1440b0
}

Java Threads: ( => current thread )
  0x000001cd7bf2c960 JavaThread "main" [_thread_blocked, id=9088, stack(0x0000009176900000,0x0000009176a00000)]
  0x000001cd7edbead0 JavaThread "Reference Handler" daemon [_thread_blocked, id=19360, stack(0x0000009176c00000,0x0000009176d00000)]
  0x000001cd150dd170 JavaThread "Finalizer" daemon [_thread_blocked, id=7516, stack(0x0000009176d00000,0x0000009176e00000)]
  0x000001cd15108f60 JavaThread "Signal Dispatcher" daemon [_thread_blocked, id=22540, stack(0x0000009176e00000,0x0000009176f00000)]
  0x000001cd15109de0 JavaThread "Attach Listener" daemon [_thread_blocked, id=14548, stack(0x0000009176f00000,0x0000009177000000)]
  0x000001cd1510ac60 JavaThread "Service Thread" daemon [_thread_blocked, id=11464, stack(0x0000009177000000,0x0000009177100000)]
  0x000001cd1510c790 JavaThread "Monitor Deflation Thread" daemon [_thread_blocked, id=23172, stack(0x0000009177100000,0x0000009177200000)]
  0x000001cd151138e0 JavaThread "C2 CompilerThread0" daemon [_thread_in_native, id=6320, stack(0x0000009177200000,0x0000009177300000)]
  0x000001cd15116740 JavaThread "C1 CompilerThread0" daemon [_thread_in_native, id=19556, stack(0x0000009177300000,0x0000009177400000)]
  0x000001cd15122600 JavaThread "Sweeper thread" daemon [_thread_blocked, id=2936, stack(0x0000009177400000,0x0000009177500000)]
  0x000001cd15264ee0 JavaThread "Common-Cleaner" daemon [_thread_blocked, id=13376, stack(0x0000009177500000,0x0000009177600000)]
  0x000001cd170646e0 JavaThread "Notification Thread" daemon [_thread_blocked, id=21560, stack(0x0000009177b00000,0x0000009177c00000)]
  0x000001cd177f8000 JavaThread "Active Thread: Equinox Container: 69b5906d-d3df-4a3c-8f5f-d890c2e755de" [_thread_blocked, id=19896, stack(0x0000009178200000,0x0000009178300000)]
  0x000001cd17a26710 JavaThread "Framework Event Dispatcher: Equinox Container: 69b5906d-d3df-4a3c-8f5f-d890c2e755de" daemon [_thread_blocked, id=16968, stack(0x0000009178400000,0x0000009178500000)]
  0x000001cd17fef880 JavaThread "Start Level: Equinox Container: 69b5906d-d3df-4a3c-8f5f-d890c2e755de" daemon [_thread_blocked, id=2596, stack(0x0000009178500000,0x0000009178600000)]
  0x000001cd17913ab0 JavaThread "Bundle File Closer" daemon [_thread_blocked, id=7760, stack(0x0000009178300000,0x0000009178400000)]
  0x000001cd182632a0 JavaThread "SCR Component Actor" daemon [_thread_blocked, id=7040, stack(0x0000009178900000,0x0000009178a00000)]
  0x000001cd177e1b90 JavaThread "Worker-JM" [_thread_blocked, id=18456, stack(0x0000009178d00000,0x0000009178e00000)]
  0x000001cd177e0c60 JavaThread "JNA Cleaner" daemon [_thread_blocked, id=13564, stack(0x0000009177700000,0x0000009177800000)]
  0x000001cd177e1170 JavaThread "Worker-0" [_thread_blocked, id=13768, stack(0x0000009178f00000,0x0000009179000000)]
  0x000001cd177e1680 JavaThread "Worker-1" [_thread_blocked, id=13332, stack(0x0000009179000000,0x0000009179100000)]
  0x000001cd177dfd30 JavaThread "Java indexing" daemon [_thread_blocked, id=6308, stack(0x0000009179400000,0x0000009179500000)]
  0x000001cd177e2ac0 JavaThread "Worker-2" [_thread_blocked, id=11404, stack(0x0000009179500000,0x0000009179600000)]
  0x000001cd177e2fd0 JavaThread "Thread-2" daemon [_thread_in_native, id=10400, stack(0x0000009179a00000,0x0000009179b00000)]
  0x000001cd177e34e0 JavaThread "Thread-3" daemon [_thread_in_native, id=7708, stack(0x0000009179b00000,0x0000009179c00000)]
  0x000001cd177e0240 JavaThread "Thread-4" daemon [_thread_in_native, id=22700, stack(0x0000009179c00000,0x0000009179d00000)]
  0x000001cd177e0750 JavaThread "Thread-5" daemon [_thread_in_native, id=18468, stack(0x0000009179d00000,0x0000009179e00000)]
  0x000001cd1c50d8f0 JavaThread "Thread-6" daemon [_thread_in_native, id=18364, stack(0x0000009179e00000,0x0000009179f00000)]
  0x000001cd1c50d3e0 JavaThread "Thread-7" daemon [_thread_in_native, id=11276, stack(0x0000009179f00000,0x000000917a000000)]
  0x000001cd1c509c30 JavaThread "Thread-8" daemon [_thread_in_native, id=13000, stack(0x000000917a000000,0x000000917a100000)]
  0x000001cd1c50ced0 JavaThread "Thread-9" daemon [_thread_in_native, id=2364, stack(0x000000917a100000,0x000000917a200000)]
  0x000001cd1c50e310 JavaThread "Thread-10" daemon [_thread_in_native, id=9416, stack(0x000000917a200000,0x000000917a300000)]
  0x000001cd1c50ab60 JavaThread "Thread-11" daemon [_thread_in_native, id=4160, stack(0x000000917a300000,0x000000917a400000)]
  0x000001cd1c510680 JavaThread "Thread-12" daemon [_thread_in_native, id=3640, stack(0x000000917a400000,0x000000917a500000)]
  0x000001cd1c50a650 JavaThread "Thread-13" daemon [_thread_in_native, id=13748, stack(0x000000917a500000,0x000000917a600000)]
  0x000001cd1c50a140 JavaThread "Thread-14" daemon [_thread_in_native, id=5668, stack(0x000000917a600000,0x000000917a700000)]
  0x000001cd1c50de00 JavaThread "Thread-15" daemon [_thread_in_native, id=18308, stack(0x000000917a700000,0x000000917a800000)]
  0x000001cd1c50ba90 JavaThread "Thread-16" daemon [_thread_in_native, id=4988, stack(0x000000917a800000,0x000000917a900000)]
  0x000001cd1c50e820 JavaThread "Thread-17" daemon [_thread_in_native, id=5696, stack(0x000000917a900000,0x000000917aa00000)]
  0x000001cd1c50c4b0 JavaThread "Thread-18" daemon [_thread_in_native, id=21808, stack(0x000000917aa00000,0x000000917ab00000)]
  0x000001cd1c50b070 JavaThread "pool-2-thread-1" [_thread_blocked, id=8296, stack(0x000000917ab00000,0x000000917ac00000)]
  0x000001cd1c50bfa0 JavaThread "WorkspaceEventsHandler" [_thread_blocked, id=20144, stack(0x0000009179800000,0x0000009179900000)]
  0x000001cd1c50c9c0 JavaThread "pool-1-thread-1" [_thread_blocked, id=23392, stack(0x0000009179900000,0x0000009179a00000)]
  0x000001cd1c50ed30 JavaThread "Worker-3" [_thread_blocked, id=15228, stack(0x000000917ae00000,0x000000917af00000)]
  0x000001cd1c509720 JavaThread "ForkJoinPool.commonPool-worker-1" daemon [_thread_blocked, id=4864, stack(0x000000917ac00000,0x000000917ad00000)]
  0x000001cd1c50f750 JavaThread "ForkJoinPool.commonPool-worker-2" daemon [_thread_blocked, id=9588, stack(0x000000917ad00000,0x000000917ae00000)]
  0x000001cd1c510b90 JavaThread "ForkJoinPool.commonPool-worker-3" daemon [_thread_blocked, id=20720, stack(0x000000917af00000,0x000000917b000000)]
  0x000001cd1a5aa1b0 JavaThread "Worker-4" [_thread_blocked, id=21872, stack(0x000000917b000000,0x000000917b100000)]
  0x000001cd1a5ac520 JavaThread "ForkJoinPool.commonPool-worker-4" daemon [_thread_blocked, id=14868, stack(0x000000917b100000,0x000000917b200000)]
  0x000001cd1a5a9790 JavaThread "ForkJoinPool.commonPool-worker-5" daemon [_thread_blocked, id=20472, stack(0x000000917b200000,0x000000917b300000)]
  0x000001cd1a5ae380 JavaThread "ForkJoinPool.commonPool-worker-6" daemon [_thread_blocked, id=23516, stack(0x000000917b400000,0x000000917b500000)]
  0x000001cd1a5ade70 JavaThread "Worker-5" [_thread_blocked, id=3060, stack(0x000000917b600000,0x000000917b700000)]
  0x000001cd1a5aa6c0 JavaThread "ForkJoinPool.commonPool-worker-7" daemon [_thread_blocked, id=5692, stack(0x000000917b700000,0x000000917b800000)]
  0x000001cd1a5ad960 JavaThread "ForkJoinPool.commonPool-worker-8" daemon [_thread_blocked, id=19568, stack(0x000000917b800000,0x000000917b900000)]
  0x000001cd1a5ae890 JavaThread "ForkJoinPool.commonPool-worker-9" daemon [_thread_in_Java, id=18580, stack(0x000000917b900000,0x000000917ba00000)]
  0x000001cd1a5abb00 JavaThread "ForkJoinPool.commonPool-worker-10" daemon [_thread_blocked, id=9152, stack(0x000000917bb00000,0x000000917bc00000)]
  0x000001cd1a5a9280 JavaThread "ForkJoinPool.commonPool-worker-12" daemon [_thread_blocked, id=9208, stack(0x0000009177800000,0x0000009177900000)]
  0x000001cd1a5acf40 JavaThread "ForkJoinPool.commonPool-worker-11" daemon [_thread_blocked, id=9848, stack(0x0000009177900000,0x0000009177a00000)]
  0x000001cd1a5ab0e0 JavaThread "ForkJoinPool.commonPool-worker-13" daemon [_thread_in_Java, id=21632, stack(0x0000009179200000,0x0000009179300000)]
  0x000001cd1c50fc60 JavaThread "ForkJoinPool.commonPool-worker-14" daemon [_thread_blocked, id=22072, stack(0x0000009179300000,0x0000009179400000)]
  0x000001cd1c510170 JavaThread "ForkJoinPool.commonPool-worker-15" daemon [_thread_blocked, id=17864, stack(0x0000009179600000,0x0000009179700000)]
  0x000001cd1c140b90 JavaThread "C1 CompilerThread1" daemon [_thread_in_native, id=13592, stack(0x0000009179700000,0x0000009179800000)]
  0x000001cd202d53c0 JavaThread "Cleaner-0" daemon [_thread_blocked, id=14452, stack(0x000000917bf00000,0x000000917c000000)]
  0x000001cd202d3050 JavaThread "Worker-6" [_thread_blocked, id=11856, stack(0x0000009177600000,0x0000009177700000)]
  0x000001cd1c145b40 JavaThread "C2 CompilerThread1" daemon [_thread_in_native, id=4992, stack(0x000000917b300000,0x000000917b400000)]
  0x000001cd1c1465e0 JavaThread "C1 CompilerThread2" daemon [_thread_blocked, id=22908, stack(0x000000917b500000,0x000000917b600000)]
  0x000001cd1c141630 JavaThread "C2 CompilerThread2" daemon [_thread_in_native, id=9100, stack(0x000000917ba00000,0x000000917bb00000)]
  0x000001cd1c142b70 JavaThread "C2 CompilerThread3" daemon [_thread_in_native, id=17840, stack(0x000000917bc00000,0x000000917bd00000)]
=>0x000001cd1c143610 JavaThread "C2 CompilerThread4" daemon [_thread_in_native, id=12972, stack(0x000000917bd00000,0x000000917be00000)]
  0x000001cd1c143b60 JavaThread "C2 CompilerThread5" daemon [_thread_in_native, id=1948, stack(0x000000917be00000,0x000000917bf00000)]
  0x000001cd1c1440b0 JavaThread "C1 CompilerThread3" daemon [_thread_blocked, id=20964, stack(0x000000917c000000,0x000000917c100000)]

Other Threads:
  0x000001cd7bfded10 VMThread "VM Thread" [stack: 0x0000009176b00000,0x0000009176c00000] [id=3156]
  0x000001cd17064e10 WatcherThread [stack: 0x0000009177c00000,0x0000009177d00000] [id=20636]
  0x000001cd7bf459b0 GCTaskThread "GC Thread#0" [stack: 0x0000009176a00000,0x0000009176b00000] [id=11396]
  0x000001cd1786de90 GCTaskThread "GC Thread#1" [stack: 0x0000009177d00000,0x0000009177e00000] [id=19796]
  0x000001cd175255e0 GCTaskThread "GC Thread#2" [stack: 0x0000009177e00000,0x0000009177f00000] [id=20860]
  0x000001cd17652d90 GCTaskThread "GC Thread#3" [stack: 0x0000009177f00000,0x0000009178000000] [id=14604]
  0x000001cd17653460 GCTaskThread "GC Thread#4" [stack: 0x0000009178000000,0x0000009178100000] [id=3300]
  0x000001cd17829880 GCTaskThread "GC Thread#5" [stack: 0x0000009178100000,0x0000009178200000] [id=13932]
  0x000001cd1782a0c0 GCTaskThread "GC Thread#6" [stack: 0x0000009178600000,0x0000009178700000] [id=7392]
  0x000001cd17829b40 GCTaskThread "GC Thread#7" [stack: 0x0000009178700000,0x0000009178800000] [id=10356]
  0x000001cd178295c0 GCTaskThread "GC Thread#8" [stack: 0x0000009178800000,0x0000009178900000] [id=20544]
  0x000001cd1782a900 GCTaskThread "GC Thread#9" [stack: 0x0000009178a00000,0x0000009178b00000] [id=10880]
  0x000001cd1782abc0 GCTaskThread "GC Thread#10" [stack: 0x0000009178b00000,0x0000009178c00000] [id=17588]
  0x000001cd17829300 GCTaskThread "GC Thread#11" [stack: 0x0000009178c00000,0x0000009178d00000] [id=18632]
  0x000001cd176e0dc0 GCTaskThread "GC Thread#12" [stack: 0x0000009178e00000,0x0000009178f00000] [id=7700]

Threads with active compile tasks:
C2 CompilerThread0    53767 14233       4       org.eclipse.jdt.internal.compiler.lookup.LookupEnvironment::computePackageFrom (584 bytes)
C1 CompilerThread1    53767 15092       2       org.eclipse.jdt.internal.core.SourceMapper::enterAbstractMethod (652 bytes)
C2 CompilerThread1    53767 14929       4       lombok.eclipse.EclipseNode::traverse (800 bytes)
C2 CompilerThread2    53767 14318       4       org.eclipse.jdt.internal.compiler.lookup.ModuleBinding::getVisiblePackage (472 bytes)
C2 CompilerThread3    53767 14871   !   4       org.eclipse.jdt.internal.compiler.parser.Scanner::getNextToken0 (2518 bytes)
C2 CompilerThread4    53767 14674 %s!   4       org.eclipse.jdt.internal.core.index.DiskIndex::readCategoryTable @ 260 (743 bytes)
C2 CompilerThread5    53768 14743       4       org.eclipse.jdt.internal.compiler.lookup.BinaryTypeBinding::createMethod (1724 bytes)

VM state: not at safepoint (normal execution)

VM Mutex/Monitor currently owned by a thread: None

Heap address: 0x00000000c0000000, size: 1024 MB, Compressed Oops mode: 32-bit

CDS archive(s) not mapped
Compressed class space mapped at: 0x0000000100000000-0x0000000140000000, reserved size: 1073741824
Narrow klass base: 0x0000000000000000, Narrow klass shift: 3, Narrow klass range: 0x140000000

GC Precious Log:
 CPUs: 16 total, 16 available
 Memory: 10085M
 Large Page Support: Disabled
 NUMA Support: Disabled
 Compressed Oops: Enabled (32-bit)
 Alignments: Space 512K, Generation 512K, Heap 2M
 Heap Min Capacity: 100M
 Heap Initial Capacity: 100M
 Heap Max Capacity: 1G
 Pre-touch: Disabled
 Parallel Workers: 13

Heap:
 PSYoungGen      total 52736K, used 42219K [0x00000000eab00000, 0x00000000ef080000, 0x0000000100000000)
  eden space 41472K, 74% used [0x00000000eab00000,0x00000000ec93f9c0,0x00000000ed380000)
  from space 11264K, 99% used [0x00000000ee100000,0x00000000eebfb500,0x00000000eec00000)
  to   space 13824K, 0% used [0x00000000ed380000,0x00000000ed380000,0x00000000ee100000)
 ParOldGen       total 306688K, used 241863K [0x00000000c0000000, 0x00000000d2b80000, 0x00000000eab00000)
  object space 306688K, 78% used [0x00000000c0000000,0x00000000cec31ca0,0x00000000d2b80000)
 Metaspace       used 78941K, committed 80256K, reserved 1179648K
  class space    used 8176K, committed 8768K, reserved 1048576K

Card table byte_map: [0x000001cd7b8f0000,0x000001cd7bb00000] _byte_map_base: 0x000001cd7b2f0000

Marking Bits: (ParMarkBitMap*) 0x00007ff8f25858b0
 Begin Bits: [0x000001cd0f000000, 0x000001cd10000000)
 End Bits:   [0x000001cd10000000, 0x000001cd11000000)

Polling page: 0x000001cd7b6e0000

Metaspace:

Usage:
  Non-class:     69.11 MB used.
      Class:      7.99 MB used.
       Both:     77.09 MB used.

Virtual space:
  Non-class space:      128.00 MB reserved,      69.81 MB ( 55%) committed,  2 nodes.
      Class space:        1.00 GB reserved,       8.56 MB ( <1%) committed,  1 nodes.
             Both:        1.12 GB reserved,      78.38 MB (  7%) committed. 

Chunk freelists:
   Non-Class:  9.84 MB
       Class:  7.31 MB
        Both:  17.15 MB

MaxMetaspaceSize: unlimited
CompressedClassSpaceSize: 1.00 GB
Initial GC threshold: 21.00 MB
Current GC threshold: 129.62 MB
CDS: off
MetaspaceReclaimPolicy: balanced
 - commit_granule_bytes: 65536.
 - commit_granule_words: 8192.
 - virtual_space_node_default_size: 8388608.
 - enlarge_chunks_in_place: 1.
 - new_chunks_are_fully_committed: 0.
 - uncommit_free_chunks: 1.
 - use_allocation_guard: 0.
 - handle_deallocations: 1.


Internal statistics:

num_allocs_failed_limit: 9.
num_arena_births: 1024.
num_arena_deaths: 56.
num_vsnodes_births: 3.
num_vsnodes_deaths: 0.
num_space_committed: 1254.
num_space_uncommitted: 0.
num_chunks_returned_to_freelist: 85.
num_chunks_taken_from_freelist: 4571.
num_chunk_merges: 36.
num_chunk_splits: 2702.
num_chunks_enlarged: 1376.
num_inconsistent_stats: 0.

CodeHeap 'non-profiled nmethods': size=119168Kb used=10266Kb max_used=10659Kb free=108901Kb
 bounds [0x000001cd07ba0000, 0x000001cd08610000, 0x000001cd0f000000]
CodeHeap 'profiled nmethods': size=119104Kb used=26302Kb max_used=26302Kb free=92801Kb
 bounds [0x000001cd00000000, 0x000001cd019c0000, 0x000001cd07450000]
CodeHeap 'non-nmethods': size=7488Kb used=3092Kb max_used=3263Kb free=4395Kb
 bounds [0x000001cd07450000, 0x000001cd07790000, 0x000001cd07ba0000]
 total_blobs=12846 nmethods=12088 adapters=666
 compilation: enabled
              stopped_count=0, restarted_count=0
 full_count=0

Compilation events (20 events):
Event: 53.703 Thread 0x000001cd1c140b90 15061       2       org.eclipse.jface.text.AbstractDocument::get (15 bytes)
Event: 53.703 Thread 0x000001cd1c1465e0 nmethod 15060 0x000001cd0199e410 code [0x000001cd0199e5e0, 0x000001cd0199e868]
Event: 53.703 Thread 0x000001cd1c1465e0 15062       2       org.eclipse.jdt.core.dom.ASTConverter::checkLength (16 bytes)
Event: 53.704 Thread 0x000001cd1c1465e0 nmethod 15062 0x000001cd0199ea10 code [0x000001cd0199eba0, 0x000001cd0199ecb8]
Event: 53.704 Thread 0x000001cd1c1465e0 15063   !   2       org.eclipse.jdt.core.dom.ASTConverter::retrieveRightBraceOrSemiColonPosition (80 bytes)
Event: 53.704 Thread 0x000001cd1c140b90 nmethod 15061 0x000001cd0199ed90 code [0x000001cd0199ef80, 0x000001cd0199f318]
Event: 53.705 Thread 0x000001cd1c1465e0 nmethod 15063 0x000001cd0199f590 code [0x000001cd0199f760, 0x000001cd0199fa18]
Event: 53.709 Thread 0x000001cd1c1465e0 15064   !   2       org.eclipse.jdt.core.dom.ASTConverter::retrieveStartBlockPosition (68 bytes)
Event: 53.709 Thread 0x000001cd1c140b90 15065       2       org.eclipse.jdt.core.dom.ASTConverter::fixRetrieveStartBlockPosition (11 bytes)
Event: 53.709 Thread 0x000001cd1c140b90 nmethod 15065 0x000001cd00e14590 code [0x000001cd00e14720, 0x000001cd00e14818]
Event: 53.709 Thread 0x000001cd1c140b90 15066       2       org.eclipse.jdt.internal.codeassist.impl.AssistParser::getTypeReference (209 bytes)
Event: 53.710 Thread 0x000001cd1c1465e0 nmethod 15064 0x000001cd0199fc10 code [0x000001cd0199fdc0, 0x000001cd019a0058]
Event: 53.711 Thread 0x000001cd1c140b90 nmethod 15066 0x000001cd019a0210 code [0x000001cd019a0420, 0x000001cd019a09a8]
Event: 53.713 Thread 0x000001cd1c1440b0 15067   !   2       org.eclipse.jdt.core.dom.ASTConverter::retrieveRightBrace (62 bytes)
Event: 53.713 Thread 0x000001cd1c140b90 15068       2       org.eclipse.jdt.core.dom.ASTConverter::fixRetrieveRightBraceOrSemiColonPosition (38 bytes)
Event: 53.713 Thread 0x000001cd15116740 15069       2       org.eclipse.jdt.core.dom.ASTConverter::convert (1519 bytes)
Event: 53.714 Thread 0x000001cd1c1440b0 nmethod 15067 0x000001cd019a0d90 code [0x000001cd019a0f40, 0x000001cd019a11b8]
Event: 53.714 Thread 0x000001cd1c140b90 nmethod 15068 0x000001cd019a1390 code [0x000001cd019a1540, 0x000001cd019a16e8]
Event: 53.714 Thread 0x000001cd1c1440b0 15070       2       org.eclipse.jdt.core.dom.MethodDeclaration::setConstructor (20 bytes)
Event: 53.714 Thread 0x000001cd1c1440b0 nmethod 15070 0x000001cd019a1810 code [0x000001cd019a19c0, 0x000001cd019a1b38]

GC Heap History (20 events):
Event: 44.127 GC heap before
{Heap before GC invocations=411 (full 15):
 PSYoungGen      total 49152K, used 49140K [0x00000000eab00000, 0x00000000ee200000, 0x0000000100000000)
  eden space 44544K, 100% used [0x00000000eab00000,0x00000000ed680000,0x00000000ed680000)
  from space 4608K, 99% used [0x00000000edd80000,0x00000000ee1fd300,0x00000000ee200000)
  to   space 5120K, 0% used [0x00000000ed800000,0x00000000ed800000,0x00000000edd00000)
 ParOldGen       total 280064K, used 272633K [0x00000000c0000000, 0x00000000d1180000, 0x00000000eab00000)
  object space 280064K, 97% used [0x00000000c0000000,0x00000000d0a3e7d8,0x00000000d1180000)
 Metaspace       used 77559K, committed 78848K, reserved 1179648K
  class space    used 8073K, committed 8640K, reserved 1048576K
}
Event: 44.130 GC heap after
{Heap after GC invocations=411 (full 15):
 PSYoungGen      total 51200K, used 2938K [0x00000000eab00000, 0x00000000ee280000, 0x0000000100000000)
  eden space 46080K, 0% used [0x00000000eab00000,0x00000000eab00000,0x00000000ed800000)
  from space 5120K, 57% used [0x00000000ed800000,0x00000000edade8b0,0x00000000edd00000)
  to   space 4096K, 0% used [0x00000000ede80000,0x00000000ede80000,0x00000000ee280000)
 ParOldGen       total 280064K, used 272633K [0x00000000c0000000, 0x00000000d1180000, 0x00000000eab00000)
  object space 280064K, 97% used [0x00000000c0000000,0x00000000d0a3e7d8,0x00000000d1180000)
 Metaspace       used 77559K, committed 78848K, reserved 1179648K
  class space    used 8073K, committed 8640K, reserved 1048576K
}
Event: 44.196 GC heap before
{Heap before GC invocations=412 (full 15):
 PSYoungGen      total 51200K, used 49018K [0x00000000eab00000, 0x00000000ee280000, 0x0000000100000000)
  eden space 46080K, 100% used [0x00000000eab00000,0x00000000ed800000,0x00000000ed800000)
  from space 5120K, 57% used [0x00000000ed800000,0x00000000edade8b0,0x00000000edd00000)
  to   space 4096K, 0% used [0x00000000ede80000,0x00000000ede80000,0x00000000ee280000)
 ParOldGen       total 280064K, used 272633K [0x00000000c0000000, 0x00000000d1180000, 0x00000000eab00000)
  object space 280064K, 97% used [0x00000000c0000000,0x00000000d0a3e7d8,0x00000000d1180000)
 Metaspace       used 77745K, committed 78976K, reserved 1179648K
  class space    used 8106K, committed 8640K, reserved 1048576K
}
Event: 44.199 GC heap after
{Heap after GC invocations=412 (full 15):
 PSYoungGen      total 53248K, used 3104K [0x00000000eab00000, 0x00000000ee280000, 0x0000000100000000)
  eden space 49152K, 0% used [0x00000000eab00000,0x00000000eab00000,0x00000000edb00000)
  from space 4096K, 75% used [0x00000000ede80000,0x00000000ee1882f0,0x00000000ee280000)
  to   space 3584K, 0% used [0x00000000edb00000,0x00000000edb00000,0x00000000ede80000)
 ParOldGen       total 280064K, used 272633K [0x00000000c0000000, 0x00000000d1180000, 0x00000000eab00000)
  object space 280064K, 97% used [0x00000000c0000000,0x00000000d0a3e7d8,0x00000000d1180000)
 Metaspace       used 77745K, committed 78976K, reserved 1179648K
  class space    used 8106K, committed 8640K, reserved 1048576K
}
Event: 47.844 GC heap before
{Heap before GC invocations=413 (full 15):
 PSYoungGen      total 53248K, used 52256K [0x00000000eab00000, 0x00000000ee280000, 0x0000000100000000)
  eden space 49152K, 100% used [0x00000000eab00000,0x00000000edb00000,0x00000000edb00000)
  from space 4096K, 75% used [0x00000000ede80000,0x00000000ee1882f0,0x00000000ee280000)
  to   space 3584K, 0% used [0x00000000edb00000,0x00000000edb00000,0x00000000ede80000)
 ParOldGen       total 280064K, used 272633K [0x00000000c0000000, 0x00000000d1180000, 0x00000000eab00000)
  object space 280064K, 97% used [0x00000000c0000000,0x00000000d0a3e7d8,0x00000000d1180000)
 Metaspace       used 77842K, committed 79104K, reserved 1179648K
  class space    used 8119K, committed 8640K, reserved 1048576K
}
Event: 47.845 GC heap after
{Heap after GC invocations=413 (full 15):
 PSYoungGen      total 49152K, used 564K [0x00000000eab00000, 0x00000000edf00000, 0x0000000100000000)
  eden space 48128K, 0% used [0x00000000eab00000,0x00000000eab00000,0x00000000eda00000)
  from space 1024K, 55% used [0x00000000edb00000,0x00000000edb8d200,0x00000000edc00000)
  to   space 1536K, 0% used [0x00000000edd80000,0x00000000edd80000,0x00000000edf00000)
 ParOldGen       total 280064K, used 272641K [0x00000000c0000000, 0x00000000d1180000, 0x00000000eab00000)
  object space 280064K, 97% used [0x00000000c0000000,0x00000000d0a407d8,0x00000000d1180000)
 Metaspace       used 77842K, committed 79104K, reserved 1179648K
  class space    used 8119K, committed 8640K, reserved 1048576K
}
Event: 48.344 GC heap before
{Heap before GC invocations=414 (full 15):
 PSYoungGen      total 49152K, used 48692K [0x00000000eab00000, 0x00000000edf00000, 0x0000000100000000)
  eden space 48128K, 100% used [0x00000000eab00000,0x00000000eda00000,0x00000000eda00000)
  from space 1024K, 55% used [0x00000000edb00000,0x00000000edb8d200,0x00000000edc00000)
  to   space 1536K, 0% used [0x00000000edd80000,0x00000000edd80000,0x00000000edf00000)
 ParOldGen       total 280064K, used 272641K [0x00000000c0000000, 0x00000000d1180000, 0x00000000eab00000)
  object space 280064K, 97% used [0x00000000c0000000,0x00000000d0a407d8,0x00000000d1180000)
 Metaspace       used 78002K, committed 79296K, reserved 1179648K
  class space    used 8145K, committed 8704K, reserved 1048576K
}
Event: 48.363 GC heap after
{Heap after GC invocations=414 (full 15):
 PSYoungGen      total 47104K, used 1504K [0x00000000eab00000, 0x00000000ee500000, 0x0000000100000000)
  eden space 45568K, 0% used [0x00000000eab00000,0x00000000eab00000,0x00000000ed780000)
  from space 1536K, 97% used [0x00000000edd80000,0x00000000edef8310,0x00000000edf00000)
  to   space 6144K, 0% used [0x00000000ed780000,0x00000000ed780000,0x00000000edd80000)
 ParOldGen       total 280064K, used 276016K [0x00000000c0000000, 0x00000000d1180000, 0x00000000eab00000)
  object space 280064K, 98% used [0x00000000c0000000,0x00000000d0d8c268,0x00000000d1180000)
 Metaspace       used 78002K, committed 79296K, reserved 1179648K
  class space    used 8145K, committed 8704K, reserved 1048576K
}
Event: 50.319 GC heap before
{Heap before GC invocations=415 (full 15):
 PSYoungGen      total 47104K, used 47072K [0x00000000eab00000, 0x00000000ee500000, 0x0000000100000000)
  eden space 45568K, 100% used [0x00000000eab00000,0x00000000ed780000,0x00000000ed780000)
  from space 1536K, 97% used [0x00000000edd80000,0x00000000edef8310,0x00000000edf00000)
  to   space 6144K, 0% used [0x00000000ed780000,0x00000000ed780000,0x00000000edd80000)
 ParOldGen       total 280064K, used 276016K [0x00000000c0000000, 0x00000000d1180000, 0x00000000eab00000)
  object space 280064K, 98% used [0x00000000c0000000,0x00000000d0d8c268,0x00000000d1180000)
 Metaspace       used 78036K, committed 79296K, reserved 1179648K
  class space    used 8145K, committed 8704K, reserved 1048576K
}
Event: 50.321 GC heap after
{Heap after GC invocations=415 (full 15):
 PSYoungGen      total 45568K, used 928K [0x00000000eab00000, 0x00000000ede00000, 0x0000000100000000)
  eden space 44544K, 0% used [0x00000000eab00000,0x00000000eab00000,0x00000000ed680000)
  from space 1024K, 90% used [0x00000000ed780000,0x00000000ed868040,0x00000000ed880000)
  to   space 2560K, 0% used [0x00000000edb80000,0x00000000edb80000,0x00000000ede00000)
 ParOldGen       total 280064K, used 276032K [0x00000000c0000000, 0x00000000d1180000, 0x00000000eab00000)
  object space 280064K, 98% used [0x00000000c0000000,0x00000000d0d90268,0x00000000d1180000)
 Metaspace       used 78036K, committed 79296K, reserved 1179648K
  class space    used 8145K, committed 8704K, reserved 1048576K
}
Event: 51.740 GC heap before
{Heap before GC invocations=416 (full 15):
 PSYoungGen      total 45568K, used 45472K [0x00000000eab00000, 0x00000000ede00000, 0x0000000100000000)
  eden space 44544K, 100% used [0x00000000eab00000,0x00000000ed680000,0x00000000ed680000)
  from space 1024K, 90% used [0x00000000ed780000,0x00000000ed868040,0x00000000ed880000)
  to   space 2560K, 0% used [0x00000000edb80000,0x00000000edb80000,0x00000000ede00000)
 ParOldGen       total 280064K, used 276032K [0x00000000c0000000, 0x00000000d1180000, 0x00000000eab00000)
  object space 280064K, 98% used [0x00000000c0000000,0x00000000d0d90268,0x00000000d1180000)
 Metaspace       used 78189K, committed 79488K, reserved 1179648K
  class space    used 8151K, committed 8704K, reserved 1048576K
}
Event: 51.742 GC heap after
{Heap after GC invocations=416 (full 15):
 PSYoungGen      total 46592K, used 2541K [0x00000000eab00000, 0x00000000ede00000, 0x0000000100000000)
  eden space 44032K, 0% used [0x00000000eab00000,0x00000000eab00000,0x00000000ed600000)
  from space 2560K, 99% used [0x00000000edb80000,0x00000000eddfb6b0,0x00000000ede00000)
  to   space 3072K, 0% used [0x00000000ed800000,0x00000000ed800000,0x00000000edb00000)
 ParOldGen       total 280064K, used 276104K [0x00000000c0000000, 0x00000000d1180000, 0x00000000eab00000)
  object space 280064K, 98% used [0x00000000c0000000,0x00000000d0da2268,0x00000000d1180000)
 Metaspace       used 78189K, committed 79488K, reserved 1179648K
  class space    used 8151K, committed 8704K, reserved 1048576K
}
Event: 51.965 GC heap before
{Heap before GC invocations=417 (full 15):
 PSYoungGen      total 46592K, used 46573K [0x00000000eab00000, 0x00000000ede00000, 0x0000000100000000)
  eden space 44032K, 100% used [0x00000000eab00000,0x00000000ed600000,0x00000000ed600000)
  from space 2560K, 99% used [0x00000000edb80000,0x00000000eddfb6b0,0x00000000ede00000)
  to   space 3072K, 0% used [0x00000000ed800000,0x00000000ed800000,0x00000000edb00000)
 ParOldGen       total 280064K, used 276104K [0x00000000c0000000, 0x00000000d1180000, 0x00000000eab00000)
  object space 280064K, 98% used [0x00000000c0000000,0x00000000d0da2268,0x00000000d1180000)
 Metaspace       used 78363K, committed 79616K, reserved 1179648K
  class space    used 8158K, committed 8704K, reserved 1048576K
}
Event: 52.045 GC heap after
{Heap after GC invocations=417 (full 15):
 PSYoungGen      total 49152K, used 3049K [0x00000000eab00000, 0x00000000efa80000, 0x0000000100000000)
  eden space 46080K, 0% used [0x00000000eab00000,0x00000000eab00000,0x00000000ed800000)
  from space 3072K, 99% used [0x00000000ed800000,0x00000000edafa708,0x00000000edb00000)
  to   space 16896K, 0% used [0x00000000eea00000,0x00000000eea00000,0x00000000efa80000)
 ParOldGen       total 288256K, used 287778K [0x00000000c0000000, 0x00000000d1980000, 0x00000000eab00000)
  object space 288256K, 99% used [0x00000000c0000000,0x00000000d1908ad0,0x00000000d1980000)
 Metaspace       used 78363K, committed 79616K, reserved 1179648K
  class space    used 8158K, committed 8704K, reserved 1048576K
}
Event: 52.045 GC heap before
{Heap before GC invocations=418 (full 16):
 PSYoungGen      total 49152K, used 3049K [0x00000000eab00000, 0x00000000efa80000, 0x0000000100000000)
  eden space 46080K, 0% used [0x00000000eab00000,0x00000000eab00000,0x00000000ed800000)
  from space 3072K, 99% used [0x00000000ed800000,0x00000000edafa708,0x00000000edb00000)
  to   space 16896K, 0% used [0x00000000eea00000,0x00000000eea00000,0x00000000efa80000)
 ParOldGen       total 288256K, used 287778K [0x00000000c0000000, 0x00000000d1980000, 0x00000000eab00000)
  object space 288256K, 99% used [0x00000000c0000000,0x00000000d1908ad0,0x00000000d1980000)
 Metaspace       used 78363K, committed 79616K, reserved 1179648K
  class space    used 8158K, committed 8704K, reserved 1048576K
}
Event: 52.199 GC heap after
{Heap after GC invocations=418 (full 16):
 PSYoungGen      total 59392K, used 0K [0x00000000eab00000, 0x00000000ef800000, 0x0000000100000000)
  eden space 45056K, 0% used [0x00000000eab00000,0x00000000eab00000,0x00000000ed700000)
  from space 14336K, 0% used [0x00000000eea00000,0x00000000eea00000,0x00000000ef800000)
  to   space 16896K, 0% used [0x00000000ed700000,0x00000000ed700000,0x00000000ee780000)
 ParOldGen       total 306688K, used 240351K [0x00000000c0000000, 0x00000000d2b80000, 0x00000000eab00000)
  object space 306688K, 78% used [0x00000000c0000000,0x00000000ceab7ca0,0x00000000d2b80000)
 Metaspace       used 78363K, committed 79616K, reserved 1179648K
  class space    used 8158K, committed 8704K, reserved 1048576K
}
Event: 53.192 GC heap before
{Heap before GC invocations=419 (full 16):
 PSYoungGen      total 59392K, used 45056K [0x00000000eab00000, 0x00000000ef800000, 0x0000000100000000)
  eden space 45056K, 100% used [0x00000000eab00000,0x00000000ed700000,0x00000000ed700000)
  from space 14336K, 0% used [0x00000000eea00000,0x00000000eea00000,0x00000000ef800000)
  to   space 16896K, 0% used [0x00000000ed700000,0x00000000ed700000,0x00000000ee780000)
 ParOldGen       total 306688K, used 240351K [0x00000000c0000000, 0x00000000d2b80000, 0x00000000eab00000)
  object space 306688K, 78% used [0x00000000c0000000,0x00000000ceab7ca0,0x00000000d2b80000)
 Metaspace       used 78553K, committed 79808K, reserved 1179648K
  class space    used 8162K, committed 8704K, reserved 1048576K
}
Event: 53.200 GC heap after
{Heap after GC invocations=419 (full 16):
 PSYoungGen      total 52736K, used 8622K [0x00000000eab00000, 0x00000000eec00000, 0x0000000100000000)
  eden space 44032K, 0% used [0x00000000eab00000,0x00000000eab00000,0x00000000ed600000)
  from space 8704K, 99% used [0x00000000ed700000,0x00000000edf6ba60,0x00000000edf80000)
  to   space 11264K, 0% used [0x00000000ee100000,0x00000000ee100000,0x00000000eec00000)
 ParOldGen       total 306688K, used 240359K [0x00000000c0000000, 0x00000000d2b80000, 0x00000000eab00000)
  object space 306688K, 78% used [0x00000000c0000000,0x00000000ceab9ca0,0x00000000d2b80000)
 Metaspace       used 78553K, committed 79808K, reserved 1179648K
  class space    used 8162K, committed 8704K, reserved 1048576K
}
Event: 53.453 GC heap before
{Heap before GC invocations=420 (full 16):
 PSYoungGen      total 52736K, used 52654K [0x00000000eab00000, 0x00000000eec00000, 0x0000000100000000)
  eden space 44032K, 100% used [0x00000000eab00000,0x00000000ed600000,0x00000000ed600000)
  from space 8704K, 99% used [0x00000000ed700000,0x00000000edf6ba60,0x00000000edf80000)
  to   space 11264K, 0% used [0x00000000ee100000,0x00000000ee100000,0x00000000eec00000)
 ParOldGen       total 306688K, used 240359K [0x00000000c0000000, 0x00000000d2b80000, 0x00000000eab00000)
  object space 306688K, 78% used [0x00000000c0000000,0x00000000ceab9ca0,0x00000000d2b80000)
 Metaspace       used 78748K, committed 80000K, reserved 1179648K
  class space    used 8170K, committed 8704K, reserved 1048576K
}
Event: 53.465 GC heap after
{Heap after GC invocations=420 (full 16):
 PSYoungGen      total 52736K, used 11245K [0x00000000eab00000, 0x00000000ef080000, 0x0000000100000000)
  eden space 41472K, 0% used [0x00000000eab00000,0x00000000eab00000,0x00000000ed380000)
  from space 11264K, 99% used [0x00000000ee100000,0x00000000eebfb500,0x00000000eec00000)
  to   space 13824K, 0% used [0x00000000ed380000,0x00000000ed380000,0x00000000ee100000)
 ParOldGen       total 306688K, used 241863K [0x00000000c0000000, 0x00000000d2b80000, 0x00000000eab00000)
  object space 306688K, 78% used [0x00000000c0000000,0x00000000cec31ca0,0x00000000d2b80000)
 Metaspace       used 78748K, committed 80000K, reserved 1179648K
  class space    used 8170K, committed 8704K, reserved 1048576K
}

Dll operation events (11 events):
Event: 0.014 Loaded shared library c:\Users\marco\.vscode\extensions\redhat.java-1.34.0-win32-x64\jre\17.0.12-win32-x86_64\bin\java.dll
Event: 0.295 Loaded shared library c:\Users\marco\.vscode\extensions\redhat.java-1.34.0-win32-x64\jre\17.0.12-win32-x86_64\bin\zip.dll
Event: 0.300 Loaded shared library C:\Users\marco\.vscode\extensions\redhat.java-1.34.0-win32-x64\jre\17.0.12-win32-x86_64\bin\instrument.dll
Event: 0.325 Loaded shared library C:\Users\marco\.vscode\extensions\redhat.java-1.34.0-win32-x64\jre\17.0.12-win32-x86_64\bin\net.dll
Event: 0.329 Loaded shared library C:\Users\marco\.vscode\extensions\redhat.java-1.34.0-win32-x64\jre\17.0.12-win32-x86_64\bin\nio.dll
Event: 0.343 Loaded shared library C:\Users\marco\.vscode\extensions\redhat.java-1.34.0-win32-x64\jre\17.0.12-win32-x86_64\bin\zip.dll
Event: 0.378 Loaded shared library C:\Users\marco\.vscode\extensions\redhat.java-1.34.0-win32-x64\jre\17.0.12-win32-x86_64\bin\jimage.dll
Event: 0.500 Loaded shared library c:\Users\marco\.vscode\extensions\redhat.java-1.34.0-win32-x64\jre\17.0.12-win32-x86_64\bin\verify.dll
Event: 2.375 Loaded shared library C:\Users\marco\AppData\Roaming\Code\User\globalStorage\redhat.java\1.34.0\config_win\org.eclipse.equinox.launcher\org.eclipse.equinox.launcher.win32.win32.x86_64_1.2.1100.v20240722-2106\eclipse_11904.dll
Event: 5.064 Loaded shared library C:\Users\marco\AppData\Local\Temp\jna-103666250\jna8972761653819528464.dll
Event: 16.643 Loaded shared library C:\Users\marco\.vscode\extensions\redhat.java-1.34.0-win32-x64\jre\17.0.12-win32-x86_64\bin\sunmscapi.dll

Deoptimization events (20 events):
Event: 53.376 Thread 0x000001cd1a5ae890 DEOPT PACKING pc=0x000001cd08364ff4 sp=0x000000917b9fdfb0
Event: 53.376 Thread 0x000001cd1a5ae890 DEOPT UNPACKING pc=0x000001cd074a66a3 sp=0x000000917b9fdf50 mode 2
Event: 53.416 Thread 0x000001cd1c50fc60 DEOPT PACKING pc=0x000001cd0184d057 sp=0x00000091793fd190
Event: 53.416 Thread 0x000001cd1c50fc60 DEOPT UNPACKING pc=0x000001cd074a6e43 sp=0x00000091793fc858 mode 0
Event: 53.432 Thread 0x000001cd1a5ae890 Uncommon trap: trap_request=0xffffff45 fr.pc=0x000001cd07eef8e8 relative=0x0000000000000148
Event: 53.432 Thread 0x000001cd1a5ae890 Uncommon trap: reason=unstable_if action=reinterpret pc=0x000001cd07eef8e8 method=java.util.stream.StreamOpFlag.getMask(I)I @ 1 c2
Event: 53.432 Thread 0x000001cd1a5ae890 DEOPT PACKING pc=0x000001cd07eef8e8 sp=0x000000917b9fe7e0
Event: 53.432 Thread 0x000001cd1a5ae890 DEOPT UNPACKING pc=0x000001cd074a66a3 sp=0x000000917b9fe6a0 mode 2
Event: 53.439 Thread 0x000001cd1a5ab0e0 Uncommon trap: trap_request=0xffffff45 fr.pc=0x000001cd081d5180 relative=0x0000000000000520
Event: 53.439 Thread 0x000001cd1a5ab0e0 Uncommon trap: reason=unstable_if action=reinterpret pc=0x000001cd081d5180 method=org.eclipse.jdt.internal.compiler.parser.Scanner.getNextToken()I @ 144 c2
Event: 53.439 Thread 0x000001cd1a5ab0e0 DEOPT PACKING pc=0x000001cd081d5180 sp=0x00000091792fe330
Event: 53.439 Thread 0x000001cd1a5ab0e0 DEOPT UNPACKING pc=0x000001cd074a66a3 sp=0x00000091792fe2d8 mode 2
Event: 53.591 Thread 0x000001cd1a5ab0e0 DEOPT PACKING pc=0x000001cd0184d057 sp=0x00000091792fd1c0
Event: 53.591 Thread 0x000001cd1a5ab0e0 DEOPT UNPACKING pc=0x000001cd074a6e43 sp=0x00000091792fc888 mode 0
Event: 53.598 Thread 0x000001cd1a5ae890 DEOPT PACKING pc=0x000001cd0124554c sp=0x000000917b9fd2e0
Event: 53.598 Thread 0x000001cd1a5ae890 DEOPT UNPACKING pc=0x000001cd074a6e43 sp=0x000000917b9fc828 mode 0
Event: 53.643 Thread 0x000001cd1c50fc60 DEOPT PACKING pc=0x000001cd00ccbfc2 sp=0x00000091793fd980
Event: 53.643 Thread 0x000001cd1c50fc60 DEOPT UNPACKING pc=0x000001cd074a6e43 sp=0x00000091793fce20 mode 0
Event: 53.695 Thread 0x000001cd1c50fc60 DEOPT PACKING pc=0x000001cd0184d057 sp=0x00000091793fd240
Event: 53.695 Thread 0x000001cd1c50fc60 DEOPT UNPACKING pc=0x000001cd074a6e43 sp=0x00000091793fc908 mode 0

Classes loaded (20 events):
Event: 21.932 Loading class java/util/zip/ZipError
Event: 21.932 Loading class java/util/zip/ZipError done
Event: 21.975 Loading class java/lang/invoke/BoundMethodHandle$Species_LLLLLLLLLLLL
Event: 21.975 Loading class java/lang/invoke/BoundMethodHandle$Species_LLLLLLLLLLLL done
Event: 21.977 Loading class java/lang/invoke/BoundMethodHandle$Species_LLLLLLLLLLLLL
Event: 21.977 Loading class java/lang/invoke/BoundMethodHandle$Species_LLLLLLLLLLLLL done
Event: 32.051 Loading class sun/nio/cs/ISO_8859_1$Encoder
Event: 32.051 Loading class sun/nio/cs/ISO_8859_1$Encoder done
Event: 32.051 Loading class sun/nio/cs/Surrogate$Parser
Event: 32.052 Loading class sun/nio/cs/Surrogate$Parser done
Event: 32.052 Loading class sun/nio/cs/Surrogate
Event: 32.052 Loading class sun/nio/cs/Surrogate done
Event: 33.625 Loading class sun/nio/fs/WindowsFileCopy
Event: 33.626 Loading class sun/nio/fs/WindowsFileCopy done
Event: 43.404 Loading class jdk/internal/ref/CleanerImpl$InnocuousThreadFactory
Event: 43.405 Loading class jdk/internal/ref/CleanerImpl$InnocuousThreadFactory done
Event: 53.431 Loading class java/util/stream/ReferencePipeline$15
Event: 53.432 Loading class java/util/stream/ReferencePipeline$15 done
Event: 53.433 Loading class java/util/stream/ReferencePipeline$15$1
Event: 53.433 Loading class java/util/stream/ReferencePipeline$15$1 done

Classes unloaded (20 events):
Event: 22.200 Thread 0x000001cd7bfded10 Unloading class 0x00000001007e5400 'java/lang/invoke/LambdaForm$DMH+0x00000001007e5400'
Event: 22.200 Thread 0x000001cd7bfded10 Unloading class 0x00000001007e4c00 'java/lang/invoke/LambdaForm$DMH+0x00000001007e4c00'
Event: 22.200 Thread 0x000001cd7bfded10 Unloading class 0x00000001007e4800 'java/lang/invoke/LambdaForm$DMH+0x00000001007e4800'
Event: 22.200 Thread 0x000001cd7bfded10 Unloading class 0x00000001007e4400 'java/lang/invoke/LambdaForm$DMH+0x00000001007e4400'
Event: 22.200 Thread 0x000001cd7bfded10 Unloading class 0x00000001007da400 'java/lang/invoke/LambdaForm$MH+0x00000001007da400'
Event: 22.200 Thread 0x000001cd7bfded10 Unloading class 0x00000001007da000 'java/lang/invoke/LambdaForm$MH+0x00000001007da000'
Event: 22.200 Thread 0x000001cd7bfded10 Unloading class 0x00000001007d9800 'java/lang/invoke/LambdaForm$MH+0x00000001007d9800'
Event: 22.200 Thread 0x000001cd7bfded10 Unloading class 0x00000001007d9c00 'java/lang/invoke/LambdaForm$MH+0x00000001007d9c00'
Event: 22.200 Thread 0x000001cd7bfded10 Unloading class 0x00000001007d8c00 'java/lang/invoke/LambdaForm$DMH+0x00000001007d8c00'
Event: 22.200 Thread 0x000001cd7bfded10 Unloading class 0x00000001007d9000 'java/lang/invoke/LambdaForm$DMH+0x00000001007d9000'
Event: 22.200 Thread 0x000001cd7bfded10 Unloading class 0x00000001007d8400 'java/lang/invoke/LambdaForm$DMH+0x00000001007d8400'
Event: 22.200 Thread 0x000001cd7bfded10 Unloading class 0x00000001007d8000 'java/lang/invoke/LambdaForm$DMH+0x00000001007d8000'
Event: 22.200 Thread 0x000001cd7bfded10 Unloading class 0x00000001007ad000 'java/lang/invoke/LambdaForm$DMH+0x00000001007ad000'
Event: 22.200 Thread 0x000001cd7bfded10 Unloading class 0x00000001007acc00 'java/lang/invoke/LambdaForm$DMH+0x00000001007acc00'
Event: 22.200 Thread 0x000001cd7bfded10 Unloading class 0x00000001007ac800 'java/lang/invoke/LambdaForm$DMH+0x00000001007ac800'
Event: 22.200 Thread 0x000001cd7bfded10 Unloading class 0x00000001007ac400 'java/lang/invoke/LambdaForm$DMH+0x00000001007ac400'
Event: 22.200 Thread 0x000001cd7bfded10 Unloading class 0x0000000100799400 'java/lang/invoke/LambdaForm$DMH+0x0000000100799400'
Event: 22.200 Thread 0x000001cd7bfded10 Unloading class 0x0000000100799000 'java/lang/invoke/LambdaForm$DMH+0x0000000100799000'
Event: 22.200 Thread 0x000001cd7bfded10 Unloading class 0x0000000100798c00 'java/lang/invoke/LambdaForm$DMH+0x0000000100798c00'
Event: 22.200 Thread 0x000001cd7bfded10 Unloading class 0x0000000100798800 'java/lang/invoke/LambdaForm$DMH+0x0000000100798800'

Classes redefined (0 events):
No events

Internal exceptions (20 events):
Event: 40.641 Thread 0x000001cd177dfd30 Exception <a 'sun/nio/fs/WindowsException'{0x00000000ecfc3a58}> (0x00000000ecfc3a58) 
thrown [s\src\hotspot\share\prims\jni.cpp, line 516]
Event: 40.659 Thread 0x000001cd177dfd30 Exception <a 'sun/nio/fs/WindowsException'{0x00000000ed0d9978}> (0x00000000ed0d9978) 
thrown [s\src\hotspot\share\prims\jni.cpp, line 516]
Event: 40.679 Thread 0x000001cd177dfd30 Exception <a 'sun/nio/fs/WindowsException'{0x00000000ed16c918}> (0x00000000ed16c918) 
thrown [s\src\hotspot\share\prims\jni.cpp, line 516]
Event: 40.931 Thread 0x000001cd177dfd30 Exception <a 'sun/nio/fs/WindowsException'{0x00000000eb7ee6e0}> (0x00000000eb7ee6e0) 
thrown [s\src\hotspot\share\prims\jni.cpp, line 516]
Event: 40.959 Thread 0x000001cd177dfd30 Exception <a 'sun/nio/fs/WindowsException'{0x00000000eb8a5758}> (0x00000000eb8a5758) 
thrown [s\src\hotspot\share\prims\jni.cpp, line 516]
Event: 41.117 Thread 0x000001cd177dfd30 Exception <a 'sun/nio/fs/WindowsException'{0x00000000eafffb18}> (0x00000000eafffb18) 
thrown [s\src\hotspot\share\prims\jni.cpp, line 516]
Event: 41.151 Thread 0x000001cd177dfd30 Exception <a 'sun/nio/fs/WindowsException'{0x00000000eb599b50}> (0x00000000eb599b50) 
thrown [s\src\hotspot\share\prims\jni.cpp, line 516]
Event: 41.251 Thread 0x000001cd177dfd30 Exception <a 'sun/nio/fs/WindowsException'{0x00000000ecabda90}> (0x00000000ecabda90) 
thrown [s\src\hotspot\share\prims\jni.cpp, line 516]
Event: 41.805 Thread 0x000001cd177dfd30 Exception <a 'sun/nio/fs/WindowsException'{0x00000000eb211940}> (0x00000000eb211940) 
thrown [s\src\hotspot\share\prims\jni.cpp, line 516]
Event: 41.831 Thread 0x000001cd177dfd30 Exception <a 'sun/nio/fs/WindowsException'{0x00000000eb5287f8}> (0x00000000eb5287f8) 
thrown [s\src\hotspot\share\prims\jni.cpp, line 516]
Event: 41.857 Thread 0x000001cd177dfd30 Exception <a 'sun/nio/fs/WindowsException'{0x00000000eb696be8}> (0x00000000eb696be8) 
thrown [s\src\hotspot\share\prims\jni.cpp, line 516]
Event: 42.142 Thread 0x000001cd177dfd30 Exception <a 'sun/nio/fs/WindowsException'{0x00000000eb345e00}> (0x00000000eb345e00) 
thrown [s\src\hotspot\share\prims\jni.cpp, line 516]
Event: 42.171 Thread 0x000001cd177dfd30 Exception <a 'sun/nio/fs/WindowsException'{0x00000000eb6160a0}> (0x00000000eb6160a0) 
thrown [s\src\hotspot\share\prims\jni.cpp, line 516]
Event: 42.201 Thread 0x000001cd177dfd30 Exception <a 'sun/nio/fs/WindowsException'{0x00000000eb888d10}> (0x00000000eb888d10) 
thrown [s\src\hotspot\share\prims\jni.cpp, line 516]
Event: 42.221 Thread 0x000001cd177dfd30 Exception <a 'sun/nio/fs/WindowsException'{0x00000000eb8be790}> (0x00000000eb8be790) 
thrown [s\src\hotspot\share\prims\jni.cpp, line 516]
Event: 42.815 Thread 0x000001cd1a5a9790 Implicit null exception at 0x000001cd08396f71 to 0x000001cd0839726b
Event: 43.047 Thread 0x000001cd1c510b90 Implicit null exception at 0x000001cd084f102f to 0x000001cd084f1228
Event: 43.167 Thread 0x000001cd1a5a9790 Implicit null exception at 0x000001cd083953b9 to 0x000001cd0839561b
Event: 44.131 Thread 0x000001cd1a5aa6c0 Implicit null exception at 0x000001cd07f09995 to 0x000001cd07f09ad8
Event: 49.251 Thread 0x000001cd1a5ac520 Exception <a 'java/lang/ArrayIndexOutOfBoundsException'{0x00000000ecdcf808}> (0x00000000ecdcf808) 
thrown [s\src\hotspot\share\runtime\sharedRuntime.cpp, line 631]

VM Operations (20 events):
Event: 49.866 Executing VM operation: HandshakeAllThreads
Event: 49.866 Executing VM operation: HandshakeAllThreads done
Event: 50.319 Executing VM operation: ParallelGCFailedAllocation
Event: 50.322 Executing VM operation: ParallelGCFailedAllocation done
Event: 51.230 Executing VM operation: HandshakeAllThreads
Event: 51.230 Executing VM operation: HandshakeAllThreads done
Event: 51.400 Executing VM operation: ICBufferFull
Event: 51.400 Executing VM operation: ICBufferFull done
Event: 51.739 Executing VM operation: ParallelGCFailedAllocation
Event: 51.743 Executing VM operation: ParallelGCFailedAllocation done
Event: 51.921 Executing VM operation: HandshakeAllThreads
Event: 51.921 Executing VM operation: HandshakeAllThreads done
Event: 51.961 Executing VM operation: ParallelGCFailedAllocation
Event: 52.199 Executing VM operation: ParallelGCFailedAllocation done
Event: 53.192 Executing VM operation: ParallelGCFailedAllocation
Event: 53.200 Executing VM operation: ParallelGCFailedAllocation done
Event: 53.371 Executing VM operation: HandshakeAllThreads
Event: 53.371 Executing VM operation: HandshakeAllThreads done
Event: 53.452 Executing VM operation: ParallelGCFailedAllocation
Event: 53.465 Executing VM operation: ParallelGCFailedAllocation done

Events (20 events):
Event: 51.260 Thread 0x000001cd15122600 flushing nmethod 0x000001cd0163c110
Event: 51.260 Thread 0x000001cd15122600 flushing nmethod 0x000001cd01640c90
Event: 51.260 Thread 0x000001cd15122600 flushing nmethod 0x000001cd01641590
Event: 51.260 Thread 0x000001cd15122600 flushing nmethod 0x000001cd01641d10
Event: 51.260 Thread 0x000001cd15122600 flushing nmethod 0x000001cd01646710
Event: 51.260 Thread 0x000001cd15122600 flushing nmethod 0x000001cd0164b590
Event: 51.260 Thread 0x000001cd15122600 flushing nmethod 0x000001cd01650e10
Event: 51.260 Thread 0x000001cd15122600 flushing nmethod 0x000001cd01667b10
Event: 51.260 Thread 0x000001cd15122600 flushing nmethod 0x000001cd01677290
Event: 51.260 Thread 0x000001cd15122600 flushing nmethod 0x000001cd01683c90
Event: 51.260 Thread 0x000001cd15122600 flushing nmethod 0x000001cd01685690
Event: 51.260 Thread 0x000001cd15122600 flushing nmethod 0x000001cd016acc10
Event: 51.260 Thread 0x000001cd15122600 flushing nmethod 0x000001cd016b7110
Event: 51.260 Thread 0x000001cd15122600 flushing nmethod 0x000001cd016b9610
Event: 51.267 Thread 0x000001cd1c1465e0 Thread added: 0x000001cd1c1465e0
Event: 51.338 Thread 0x000001cd1c141630 Thread added: 0x000001cd1c141630
Event: 51.338 Thread 0x000001cd1c142b70 Thread added: 0x000001cd1c142b70
Event: 51.455 Thread 0x000001cd1c143610 Thread added: 0x000001cd1c143610
Event: 51.456 Thread 0x000001cd1c143b60 Thread added: 0x000001cd1c143b60
Event: 51.456 Thread 0x000001cd1c1440b0 Thread added: 0x000001cd1c1440b0


Dynamic libraries:
0x00007ff6c7f50000 - 0x00007ff6c7f5e000 	c:\Users\marco\.vscode\extensions\redhat.java-1.34.0-win32-x64\jre\17.0.12-win32-x86_64\bin\java.exe
0x00007ff946a10000 - 0x00007ff946c27000 	C:\WINDOWS\SYSTEM32\ntdll.dll
0x00007ff945720000 - 0x00007ff9457e4000 	C:\WINDOWS\System32\KERNEL32.DLL
0x00007ff943ec0000 - 0x00007ff94426d000 	C:\WINDOWS\System32\KERNELBASE.dll
0x00007ff9445f0000 - 0x00007ff944701000 	C:\WINDOWS\System32\ucrtbase.dll
0x00007ff9361d0000 - 0x00007ff9361e7000 	c:\Users\marco\.vscode\extensions\redhat.java-1.34.0-win32-x64\jre\17.0.12-win32-x86_64\bin\jli.dll
0x00007ff9361b0000 - 0x00007ff9361cb000 	c:\Users\marco\.vscode\extensions\redhat.java-1.34.0-win32-x64\jre\17.0.12-win32-x86_64\bin\VCRUNTIME140.dll
0x00007ff946660000 - 0x00007ff94680e000 	C:\WINDOWS\System32\USER32.dll
0x00007ff943000000 - 0x00007ff943293000 	C:\WINDOWS\WinSxS\amd64_microsoft.windows.common-controls_6595b64144ccf1df_6.0.22621.3672_none_2713b9d173822955\COMCTL32.dll
0x00007ff944270000 - 0x00007ff944296000 	C:\WINDOWS\System32\win32u.dll
0x00007ff944830000 - 0x00007ff9448d7000 	C:\WINDOWS\System32\msvcrt.dll
0x00007ff9460e0000 - 0x00007ff946109000 	C:\WINDOWS\System32\GDI32.dll
0x00007ff943d30000 - 0x00007ff943e49000 	C:\WINDOWS\System32\gdi32full.dll
0x00007ff944550000 - 0x00007ff9445ea000 	C:\WINDOWS\System32\msvcp_win.dll
0x00007ff946590000 - 0x00007ff9465c1000 	C:\WINDOWS\System32\IMM32.DLL
0x00007ff943530000 - 0x00007ff94353c000 	c:\Users\marco\.vscode\extensions\redhat.java-1.34.0-win32-x64\jre\17.0.12-win32-x86_64\bin\vcruntime140_1.dll
0x00007ff933a70000 - 0x00007ff933afd000 	c:\Users\marco\.vscode\extensions\redhat.java-1.34.0-win32-x64\jre\17.0.12-win32-x86_64\bin\msvcp140.dll
0x00007ff8f19e0000 - 0x00007ff8f264a000 	c:\Users\marco\.vscode\extensions\redhat.java-1.34.0-win32-x64\jre\17.0.12-win32-x86_64\bin\server\jvm.dll
0x00007ff9448f0000 - 0x00007ff9449a2000 	C:\WINDOWS\System32\ADVAPI32.dll
0x00007ff945220000 - 0x00007ff9452c9000 	C:\WINDOWS\System32\sechost.dll
0x00007ff944710000 - 0x00007ff944738000 	C:\WINDOWS\System32\bcrypt.dll
0x00007ff944ab0000 - 0x00007ff944bc4000 	C:\WINDOWS\System32\RPCRT4.dll
0x00007ff944740000 - 0x00007ff9447b1000 	C:\WINDOWS\System32\WS2_32.dll
0x00007ff943bf0000 - 0x00007ff943c3d000 	C:\WINDOWS\SYSTEM32\POWRPROF.dll
0x00007ff93d2c0000 - 0x00007ff93d2f4000 	C:\WINDOWS\SYSTEM32\WINMM.dll
0x00007ff93fcc0000 - 0x00007ff93fcca000 	C:\WINDOWS\SYSTEM32\VERSION.dll
0x00007ff943bd0000 - 0x00007ff943be3000 	C:\WINDOWS\SYSTEM32\UMPDC.dll
0x00007ff941f40000 - 0x00007ff941f58000 	C:\WINDOWS\SYSTEM32\kernel.appcore.dll
0x00007ff939c10000 - 0x00007ff939c1a000 	c:\Users\marco\.vscode\extensions\redhat.java-1.34.0-win32-x64\jre\17.0.12-win32-x86_64\bin\jimage.dll
0x00007ff943590000 - 0x00007ff9437c2000 	C:\WINDOWS\SYSTEM32\DBGHELP.DLL
0x00007ff9452e0000 - 0x00007ff94566d000 	C:\WINDOWS\System32\combase.dll
0x00007ff946110000 - 0x00007ff9461e7000 	C:\WINDOWS\System32\OLEAUT32.dll
0x00007ff921340000 - 0x00007ff921372000 	C:\WINDOWS\SYSTEM32\dbgcore.DLL
0x00007ff9444d0000 - 0x00007ff94454b000 	C:\WINDOWS\System32\bcryptPrimitives.dll
0x00007ff939b50000 - 0x00007ff939b5e000 	c:\Users\marco\.vscode\extensions\redhat.java-1.34.0-win32-x64\jre\17.0.12-win32-x86_64\bin\instrument.dll
0x00007ff934660000 - 0x00007ff934685000 	c:\Users\marco\.vscode\extensions\redhat.java-1.34.0-win32-x64\jre\17.0.12-win32-x86_64\bin\java.dll
0x00007ff935eb0000 - 0x00007ff935ec8000 	c:\Users\marco\.vscode\extensions\redhat.java-1.34.0-win32-x64\jre\17.0.12-win32-x86_64\bin\zip.dll
0x00007ff945870000 - 0x00007ff9460d8000 	C:\WINDOWS\System32\SHELL32.dll
0x00007ff940d10000 - 0x00007ff94160e000 	C:\WINDOWS\SYSTEM32\windows.storage.dll
0x00007ff940bd0000 - 0x00007ff940d0f000 	C:\WINDOWS\SYSTEM32\wintypes.dll
0x00007ff944ca0000 - 0x00007ff944d99000 	C:\WINDOWS\System32\SHCORE.dll
0x00007ff944c40000 - 0x00007ff944c9e000 	C:\WINDOWS\System32\shlwapi.dll
0x00007ff943c60000 - 0x00007ff943c81000 	C:\WINDOWS\SYSTEM32\profapi.dll
0x00007ff934640000 - 0x00007ff934659000 	C:\Users\marco\.vscode\extensions\redhat.java-1.34.0-win32-x64\jre\17.0.12-win32-x86_64\bin\net.dll
0x00007ff93e0d0000 - 0x00007ff93e206000 	C:\WINDOWS\SYSTEM32\WINHTTP.dll
0x00007ff942370000 - 0x00007ff9423d9000 	C:\WINDOWS\system32\mswsock.dll
0x00007ff934620000 - 0x00007ff934636000 	C:\Users\marco\.vscode\extensions\redhat.java-1.34.0-win32-x64\jre\17.0.12-win32-x86_64\bin\nio.dll
0x00007ff934610000 - 0x00007ff934620000 	c:\Users\marco\.vscode\extensions\redhat.java-1.34.0-win32-x64\jre\17.0.12-win32-x86_64\bin\verify.dll
0x00007ff933a20000 - 0x00007ff933a65000 	C:\Users\marco\AppData\Roaming\Code\User\globalStorage\redhat.java\1.34.0\config_win\org.eclipse.equinox.launcher\org.eclipse.equinox.launcher.win32.win32.x86_64_1.2.1100.v20240722-2106\eclipse_11904.dll
0x00007ff946380000 - 0x00007ff946525000 	C:\WINDOWS\System32\ole32.dll
0x00007ff9438d0000 - 0x00007ff9438eb000 	C:\WINDOWS\SYSTEM32\CRYPTSP.dll
0x00007ff941ea0000 - 0x00007ff941ed5000 	C:\WINDOWS\system32\rsaenh.dll
0x00007ff942490000 - 0x00007ff9424b8000 	C:\WINDOWS\SYSTEM32\USERENV.dll
0x00007ff942d60000 - 0x00007ff942d6c000 	C:\WINDOWS\SYSTEM32\CRYPTBASE.dll
0x00007ff941870000 - 0x00007ff94189d000 	C:\WINDOWS\SYSTEM32\IPHLPAPI.DLL
0x00007ff9448e0000 - 0x00007ff9448e9000 	C:\WINDOWS\System32\NSI.dll
0x00007ff93e720000 - 0x00007ff93e739000 	C:\WINDOWS\SYSTEM32\dhcpcsvc6.DLL
0x00007ff93df60000 - 0x00007ff93df7f000 	C:\WINDOWS\SYSTEM32\dhcpcsvc.DLL
0x00007ff9418e0000 - 0x00007ff9419d8000 	C:\WINDOWS\SYSTEM32\DNSAPI.dll
0x00007ff92f1d0000 - 0x00007ff92f215000 	C:\Users\marco\AppData\Local\Temp\jna-103666250\jna8972761653819528464.dll
0x00007ff9452d0000 - 0x00007ff9452d8000 	C:\WINDOWS\System32\PSAPI.DLL
0x00007ff9345b0000 - 0x00007ff9345be000 	C:\Users\marco\.vscode\extensions\redhat.java-1.34.0-win32-x64\jre\17.0.12-win32-x86_64\bin\sunmscapi.dll
0x00007ff944360000 - 0x00007ff9444c7000 	C:\WINDOWS\System32\CRYPT32.dll
0x00007ff942ee0000 - 0x00007ff942f0e000 	C:\WINDOWS\SYSTEM32\ncrypt.dll
0x00007ff942ea0000 - 0x00007ff942ed7000 	C:\WINDOWS\SYSTEM32\NTASN1.dll

dbghelp: loaded successfully - version: 4.0.5 - missing functions: none
symbol engine: initialized successfully - sym options: 0x614 - pdb path: .;c:\Users\marco\.vscode\extensions\redhat.java-1.34.0-win32-x64\jre\17.0.12-win32-x86_64\bin;C:\WINDOWS\SYSTEM32;C:\WINDOWS\WinSxS\amd64_microsoft.windows.common-controls_6595b64144ccf1df_6.0.22621.3672_none_2713b9d173822955;c:\Users\marco\.vscode\extensions\redhat.java-1.34.0-win32-x64\jre\17.0.12-win32-x86_64\bin\server;C:\Users\marco\AppData\Roaming\Code\User\globalStorage\redhat.java\1.34.0\config_win\org.eclipse.equinox.launcher\org.eclipse.equinox.launcher.win32.win32.x86_64_1.2.1100.v20240722-2106;C:\Users\marco\AppData\Local\Temp\jna-103666250

VM Arguments:
jvm_args: --add-modules=ALL-SYSTEM --add-opens=java.base/java.util=ALL-UNNAMED --add-opens=java.base/java.lang=ALL-UNNAMED --add-opens=java.base/sun.nio.fs=ALL-UNNAMED -Declipse.application=org.eclipse.jdt.ls.core.id1 -Dosgi.bundles.defaultStartLevel=4 -Declipse.product=org.eclipse.jdt.ls.core.product -Djava.import.generatesMetadataFilesAtProjectRoot=false -DDetectVMInstallationsJob.disabled=true -Dfile.encoding=utf8 -XX:+UseParallelGC -XX:GCTimeRatio=4 -XX:AdaptiveSizePolicyWeight=90 -Dsun.zip.disableMemoryMapping=true -Xmx1G -Xms100m -Xlog:disable -javaagent:c:\Users\marco\.vscode\extensions\redhat.java-1.34.0-win32-x64\lombok\lombok-1.18.33.jar -XX:+HeapDumpOnOutOfMemoryError -XX:HeapDumpPath=c:\Users\marco\AppData\Roaming\Code\User\workspaceStorage\5c36334aae0fd3ce9e9ed4ac0ce4b453\redhat.java -Daether.dependencyCollector.impl=bf 
java_command: c:\Users\marco\.vscode\extensions\redhat.java-1.34.0-win32-x64\server\plugins\org.eclipse.equinox.launcher_1.6.900.v20240613-2009.jar -configuration c:\Users\marco\AppData\Roaming\Code\User\globalStorage\redhat.java\1.34.0\config_win -data c:\Users\marco\AppData\Roaming\Code\User\workspaceStorage\5c36334aae0fd3ce9e9ed4ac0ce4b453\redhat.java\jdt_ws --pipe=\\.\pipe\lsp-b222d69457ad299d5ca1daa9a8aec9c8-sock
java_class_path (initial): c:\Users\marco\.vscode\extensions\redhat.java-1.34.0-win32-x64\server\plugins\org.eclipse.equinox.launcher_1.6.900.v20240613-2009.jar
Launcher Type: SUN_STANDARD

[Global flags]
    uintx AdaptiveSizePolicyWeight                 = 90                                        {product} {command line}
     intx CICompilerCount                          = 12                                        {product} {ergonomic}
    uintx GCTimeRatio                              = 4                                         {product} {command line}
     bool HeapDumpOnOutOfMemoryError               = true                                   {manageable} {command line}
    ccstr HeapDumpPath                             = c:\Users\marco\AppData\Roaming\Code\User\workspaceStorage\5c36334aae0fd3ce9e9ed4ac0ce4b453\redhat.java         {manageable} {command line}
   size_t InitialHeapSize                          = 104857600                                 {product} {command line}
   size_t MaxHeapSize                              = 1073741824                                {product} {command line}
   size_t MaxNewSize                               = 357564416                                 {product} {ergonomic}
   size_t MinHeapDeltaBytes                        = 524288                                    {product} {ergonomic}
   size_t MinHeapSize                              = 104857600                                 {product} {command line}
   size_t NewSize                                  = 34603008                                  {product} {ergonomic}
    uintx NonNMethodCodeHeapSize                   = 7602480                                {pd product} {ergonomic}
    uintx NonProfiledCodeHeapSize                  = 122027880                              {pd product} {ergonomic}
   size_t OldSize                                  = 70254592                                  {product} {ergonomic}
    uintx ProfiledCodeHeapSize                     = 122027880                              {pd product} {ergonomic}
    uintx ReservedCodeCacheSize                    = 251658240                              {pd product} {ergonomic}
     bool SegmentedCodeCache                       = true                                      {product} {ergonomic}
   size_t SoftMaxHeapSize                          = 1073741824                             {manageable} {ergonomic}
     bool UseCompressedClassPointers               = true                           {product lp64_product} {ergonomic}
     bool UseCompressedOops                        = true                           {product lp64_product} {ergonomic}
     bool UseLargePagesIndividualAllocation        = false                                  {pd product} {ergonomic}
     bool UseParallelGC                            = true                                      {product} {command line}

Logging:
Log output configuration:
 #0: stdout all=off uptime,level,tags
 #1: stderr all=off uptime,level,tags

Environment Variables:
JAVA_HOME=C:\Program Files\Microsoft\jdk-17.0.8.7-hotspot
PATH=C:\Program Files (x86)\Common Files\Oracle\Java\java8path;C:\Program Files (x86)\Common Files\Oracle\Java\javapath;C:\Python312\Scripts\;C:\Python312\;C:\Program Files\Microsoft\jdk-17.0.8.7-hotspot\bin;C:\Program Files\Microsoft\jdk-11.0.20.8-hotspot\bin;C:\Python311\Scripts\;C:\Python311\;C:\Python310\Scripts\;C:\Python310\;C:\WINDOWS\system32;C:\WINDOWS;C:\WINDOWS\System32\Wbem;C:\WINDOWS\System32\WindowsPowerShell\v1.0\;C:\WINDOWS\System32\OpenSSH\;C:\ProgramData\chocolatey\bin;C:\Program Files\OpenJDK\openjdk-11.0.16_8\bin;C:\Program Files\Microsoft\jdk-17.0.8.7-hotspot\\bin;C:\Program Files\Git\cmd;C:\ProgramData\ComposerSetup\bin;C:\xampp\php;%NVM_HOME%;%NVM_SYMLINK%;C:\Users\marco\AppData\Local\Android\Sdk\tools;C:\Program Files\Microsoft\jdk-17.0.8.7-hotspot\bin;C:\Program Files\MySQL\MySQL Shell 8.0\bin\;C:\Users\marco\AppData\Local\Microsoft\WindowsApps;C:\Users\marco\AppData\Local\Programs\Microsoft VS Code\bin;C:\Users\marco\AppData\Local\Android\Sdk\platform-tools;C:\msys64\mingw64\bin;C:\Users\marco\Documents\UCA\TeoriaDeLenguajes\TrabajosPracticos\TP3\Compilador\Flex_Bison\bin;C:\Users\marco\Documents\UCA\TeoriaDeLenguajes\TrabajosPracticos\TP3\Compilador\Gramaticas;C:\Users\marco\AppData\Roaming\Composer\vendor\bin;C:\Users\marco\AppData\Roaming\npm;C:\Users\marco\AppData\Roaming\nvm;C:\Program Files\nodejs;C:\Program Files\JetBrains\IntelliJ IDEA 2024.2.0.2\bin;;C:\Program Files\PostgreSQL\16\bin;
USERNAME=marco
OS=Windows_NT
PROCESSOR_IDENTIFIER=AMD64 Family 23 Model 104 Stepping 1, AuthenticAMD
TMP=C:\Users\marco\AppData\Local\Temp
TEMP=C:\Users\marco\AppData\Local\Temp



Periodic native trim disabled


---------------  S Y S T E M  ---------------

OS:
 Windows 11 , 64 bit Build 22621 (10.0.22621.3958)
OS uptime: 0 days 21:17 hours
Hyper-V role detected

CPU: total 16 (initial active 16) (16 cores per cpu, 2 threads per core) family 23 model 104 stepping 1 microcode 0x0, cx8, cmov, fxsr, ht, mmx, 3dnowpref, sse, sse2, sse3, ssse3, sse4a, sse4.1, sse4.2, popcnt, lzcnt, tsc, tscinvbit, avx, avx2, aes, clmul, bmi1, bmi2, adx, sha, fma, vzeroupper, clflush, clflushopt, hv
Processor Information for all 16 processors :
  Max Mhz: 1801, Current Mhz: 1801, Mhz Limit: 1801

Memory: 4k page, system-wide physical 10085M (1155M free)
TotalPageFile size 40805M (AvailPageFile size 6M)
current process WorkingSet (physical memory assigned to process): 783M, peak: 862M
current process commit charge ("private bytes"): 730M, peak: 840M

vm_info: OpenJDK 64-Bit Server VM (17.0.12+7) for windows-amd64 JRE (17.0.12+7), built on Jul 16 2024 22:08:24 by "admin" with MS VC++ 16.10 / 16.11 (VS2019)

END.
